<?xml version="1.0" encoding="UTF-8"?>
<!-- Generated by org.testng.reporters.JUnitReportReporter -->
<testsuite hostname="LAPTOP-0S2R7M59" failures="0" tests="1" name="com.resumedone.io.testcases.BaseClass" time="19.390" errors="0" timestamp="2023-01-20T16:19:25 IST" skipped="0">
  <testcase classname="com.resumedone.io.testcases.BaseClass" name="check" time="19.390"/>
  <system-out/>
</testsuite> <!-- com.resumedone.io.testcases.BaseClass -->
