<?xml version="1.0" encoding="UTF-8"?>
<!-- Generated by org.testng.reporters.JUnitReportReporter -->
<testsuite hostname="LAPTOP-0S2R7M59" failures="0" tests="1" name="com.resumedone.io.testcases.TC_CreateMyCv_001" time="38.206" errors="0" timestamp="2023-01-23T17:19:20 IST" skipped="0">
  <testcase classname="com.resumedone.io.testcases.TC_CreateMyCv_001" name="test1" time="38.206"/>
  <system-out/>
</testsuite> <!-- com.resumedone.io.testcases.TC_CreateMyCv_001 -->
